=/pretest.json
{
  _: [],
  f: [
    '/home/runner/work/exp-schlierein-imaging-flow-around-different-bodies-supersonic-flow-iitkgp/exp-schlierein-imaging-flow-around-different-bodies-supersonic-flow-iitkgp/experiment/pretest.json'
  ],
  files: [
    '/home/runner/work/exp-schlierein-imaging-flow-around-different-bodies-supersonic-flow-iitkgp/exp-schlierein-imaging-flow-around-different-bodies-supersonic-flow-iitkgp/experiment/pretest.json'
  ],
  c: 'assessment',
  contentTypes: 'assessment',
  'content-types': 'assessment',
  '$0': 'validate'
}
Validated true
=/posttest.json
{
  _: [],
  f: [
    '/home/runner/work/exp-schlierein-imaging-flow-around-different-bodies-supersonic-flow-iitkgp/exp-schlierein-imaging-flow-around-different-bodies-supersonic-flow-iitkgp/experiment/posttest.json'
  ],
  files: [
    '/home/runner/work/exp-schlierein-imaging-flow-around-different-bodies-supersonic-flow-iitkgp/exp-schlierein-imaging-flow-around-different-bodies-supersonic-flow-iitkgp/experiment/posttest.json'
  ],
  c: 'assessment',
  contentTypes: 'assessment',
  'content-types': 'assessment',
  '$0': 'validate'
}
Validated true
