
/home/runner/work/exp-schlierein-imaging-flow-around-different-bodies-supersonic-flow-iitkgp/exp-schlierein-imaging-flow-around-different-bodies-supersonic-flow-iitkgp/experiment/simulation/js/Build/Schlieren _2.framework.js
  1:10      warning  'unityFramework' is defined but never used                                        no-unused-vars
  2:5       warning  'Module' is already defined                                                       no-redeclare
  3:799     warning  'ENVIRONMENT_IS_PTHREAD' is not defined                                           no-undef
  3:1579    warning  'ENVIRONMENT_IS_PTHREAD' is not defined                                           no-undef
  3:2318    warning  'i' is already defined                                                            no-redeclare
  3:2351    warning  'old' is already defined                                                          no-redeclare
  3:2425    warning  'i' is already defined                                                            no-redeclare
  3:2458    warning  'old' is already defined                                                          no-redeclare
  3:2555    warning  'i' is already defined                                                            no-redeclare
  3:2588    warning  'old' is already defined                                                          no-redeclare
  3:4648    warning  'ENVIRONMENT_IS_PTHREAD' is not defined                                           no-undef
  3:5737    warning  Do not access Object.prototype method 'hasOwnProperty' from target object         no-prototype-builtins
  3:6169    warning  'process' is not defined                                                          no-undef
  3:6205    warning  'process' is not defined                                                          no-undef
  3:6613    warning  'require' is not defined                                                          no-undef
  3:6679    warning  '__dirname' is not defined                                                        no-undef
  3:6754    warning  'require' is not defined                                                          no-undef
  3:6790    warning  'require' is not defined                                                          no-undef
  3:7051    warning  'process' is not defined                                                          no-undef
  3:7089    warning  'process' is not defined                                                          no-undef
  3:7138    warning  'process' is not defined                                                          no-undef
  3:7195    warning  'module' is not defined                                                           no-undef
  3:7220    warning  'process' is not defined                                                          no-undef
  3:7311    warning  'process' is not defined                                                          no-undef
  3:7376    warning  'process' is not defined                                                          no-undef
  3:7561    warning  'read' is not defined                                                             no-undef
  3:7670    warning  'readbuffer' is not defined                                                       no-undef
  3:7690    warning  'read' is not defined                                                             no-undef
  3:7797    warning  'scriptArgs' is not defined                                                       no-undef
  3:7920    warning  'quit' is not defined                                                             no-undef
  3:7997    warning  Read-only global 'console' should not be modified                                 no-global-assign
  3:8083    warning  'printErr' is not defined                                                         no-undef
  3:9028    warning  'setWindowTitle' is assigned a value but never used                               no-unused-vars
  3:9085    warning  Empty block statement                                                             no-empty
  3:9240    warning  Do not access Object.prototype method 'hasOwnProperty' from target object         no-prototype-builtins
  3:10327   warning  'opts' is defined but never used                                                  no-unused-vars
  3:14370   warning  'INITIAL_MEMORY' is assigned a value but never used                               no-unused-vars
  3:14424   warning  'wasmTable' is assigned a value but never used                                    no-unused-vars
  3:14562   warning  'runtimeExited' is assigned a value but never used                                no-unused-vars
  3:15673   warning  'id' is defined but never used                                                    no-unused-vars
  3:15812   warning  'id' is defined but never used                                                    no-unused-vars
  3:16206   warning  'abort' is already defined                                                        no-redeclare
  3:17659   warning  'module' is defined but never used                                                no-unused-vars
  3:24659   warning  'Accelerometer' is not defined                                                    no-undef
  3:27819   warning  'err' is defined but never used                                                   no-unused-vars
  3:30004   warning  'LinearAccelerationSensor' is not defined                                         no-undef
  3:31528   warning  'GravitySensor' is not defined                                                    no-undef
  3:33762   warning  'Gyroscope' is not defined                                                        no-undef
  3:34999   warning  'dump' is not defined                                                             no-undef
  3:36767   warning  'RelativeOrientationSensor' is not defined                                        no-undef
  3:43552   warning  Empty block statement                                                             no-empty
  3:49114   warning  Empty block statement                                                             no-empty
  3:50453   warning  'ptr' is defined but never used                                                   no-unused-vars
  3:50457   warning  'length' is defined but never used                                                no-unused-vars
  3:50824   warning  'self' is assigned a value but never used                                         no-unused-vars
  3:55371   warning  'e' is not defined                                                                no-undef
  3:61757   warning  Do not access Object.prototype method 'hasOwnProperty' from target object         no-prototype-builtins
  3:75281   warning  'uncaughtExceptionCount' is assigned a value but never used                       no-unused-vars
  3:81848   warning  Unnecessary escape character: \/                                                  no-useless-escape
  3:81861   warning  Unnecessary escape character: \/                                                  no-useless-escape
  3:81872   warning  Unnecessary escape character: \/                                                  no-useless-escape
  3:83352   warning  'require' is not defined                                                          no-undef
  3:83439   warning  Empty block statement                                                             no-empty
  3:84571   warning  'i' is already defined                                                            no-redeclare
  3:85196   warning  'pos' is defined but never used                                                   no-unused-vars
  3:85660   warning  'pos' is defined but never used                                                   no-unused-vars
  3:86037   warning  'Buffer' is not defined                                                           no-undef
  3:86050   warning  'Buffer' is not defined                                                           no-undef
  3:86076   warning  'Buffer' is not defined                                                           no-undef
  3:86138   warning  'process' is not defined                                                          no-undef
  3:86501   warning  'readline' is not defined                                                         no-undef
  3:87346   warning  'mount' is defined but never used                                                 no-unused-vars
  3:90753   warning  'parent' is defined but never used                                                no-unused-vars
  3:90760   warning  'name' is defined but never used                                                  no-unused-vars
  3:91015   warning  Empty block statement                                                             no-empty
  3:91038   warning  'i' is assigned a value but never used                                            no-unused-vars
  3:91463   warning  'i' is assigned a value but never used                                            no-unused-vars
  3:91663   warning  Do not access Object.prototype method 'hasOwnProperty' from target object         no-prototype-builtins
  3:94391   warning  'bytesWritten' is assigned a value but never used                                 no-unused-vars
  3:94814   warning  'mount' is defined but never used                                                 no-unused-vars
  3:97984   warning  'lookup' is assigned a value but never used                                       no-unused-vars
  3:99481   warning  'e' is defined but never used                                                     no-unused-vars
  3:101311  warning  Unexpected constant condition                                                     no-constant-condition
  3:103787  warning  'node' is assigned a value but never used                                         no-unused-vars
  3:103834  warning  Empty block statement                                                             no-empty
  3:109873  warning  Empty block statement                                                             no-empty
  3:110722  warning  Unnecessary catch clause                                                          no-useless-catch
  3:115401  warning  Empty block statement                                                             no-empty
  3:116772  warning  Unnecessary catch clause                                                          no-useless-catch
  3:119634  warning  'stream' is defined but never used                                                no-unused-vars
  3:121350  warning  'pos' is defined but never used                                                   no-unused-vars
  3:122628  warning  'stdin' is assigned a value but never used                                        no-unused-vars
  3:122662  warning  'stdout' is assigned a value but never used                                       no-unused-vars
  3:122698  warning  'stderr' is assigned a value but never used                                       no-unused-vars
  3:124198  warning  Empty block statement                                                             no-empty
  3:124337  warning  'lookup' is already defined                                                       no-redeclare
  3:124728  warning  'canRead' is defined but never used                                               no-unused-vars
  3:124736  warning  'canWrite' is defined but never used                                              no-unused-vars
  3:124965  warning  Empty block statement                                                             no-empty
  3:126057  warning  'stream' is defined but never used                                                no-unused-vars
  3:126168  warning  'pos' is defined but never used                                                   no-unused-vars
  3:126534  warning  'pos' is defined but never used                                                   no-unused-vars
  3:130170  warning  'properties' is already defined                                                   no-redeclare
  3:131017  warning  'i' is already defined                                                            no-redeclare
  3:137610  warning  'high' is defined but never used                                                  no-unused-vars
  3:137688  warning  'timeout' is defined but never used                                               no-unused-vars
  3:140823  warning  'mount' is defined but never used                                                 no-unused-vars
  3:142153  warning  'position' is defined but never used                                              no-unused-vars
  3:142349  warning  'position' is defined but never used                                              no-unused-vars
  3:143859  warning  'require' is not defined                                                          no-undef
  3:145927  warning  'error' is defined but never used                                                 no-unused-vars
  3:146301  warning  'error' is defined but never used                                                 no-unused-vars
  3:147244  warning  Empty block statement                                                             no-empty
  3:147391  warning  Empty block statement                                                             no-empty
  3:148398  warning  'backlog' is defined but never used                                               no-unused-vars
  3:148560  warning  'require' is not defined                                                          no-undef
  3:149273  warning  'error' is defined but never used                                                 no-unused-vars
  3:154771  warning  'flags' is defined but never used                                                 no-unused-vars
  3:154863  warning  'errno' is assigned a value but never used                                        no-unused-vars
  3:158209  warning  'arg' is already defined                                                          no-redeclare
  3:158268  warning  'arg' is already defined                                                          no-redeclare
  3:160557  warning  'errno' is assigned a value but never used                                        no-unused-vars
  3:161100  warning  'errno' is assigned a value but never used                                        no-unused-vars
  3:162075  warning  'argp' is already defined                                                         no-redeclare
  3:164463  warning  'mount' is defined but never used                                                 no-unused-vars
  3:165460  warning  'stream' is defined but never used                                                no-unused-vars
  3:165467  warning  'request' is defined but never used                                               no-unused-vars
  3:165475  warning  'varargs' is defined but never used                                               no-unused-vars
  3:165526  warning  'stream' is defined but never used                                                no-unused-vars
  3:165603  warning  'position' is defined but never used                                              no-unused-vars
  3:166056  warning  'i' is already defined                                                            no-redeclare
  3:166407  warning  'tmpSlice' is already defined                                                     no-redeclare
  3:166793  warning  'position' is defined but never used                                              no-unused-vars
  3:168095  warning  'newBucket' is already defined                                                    no-redeclare
  3:168751  warning  'timeout' is defined but never used                                               no-unused-vars
  3:169561  warning  'errno' is assigned a value but never used                                        no-unused-vars
  3:169825  warning  'flags' is defined but never used                                                 no-unused-vars
  3:170089  warning  'errno' is assigned a value but never used                                        no-unused-vars
  3:170227  warning  'i' is already defined                                                            no-redeclare
  3:171089  warning  'flags' is defined but never used                                                 no-unused-vars
  3:171515  warning  'i' is already defined                                                            no-redeclare
  3:172213  warning  'fd' is defined but never used                                                    no-unused-vars
  3:172239  warning  Unreachable code                                                                  no-unreachable
  3:172351  warning  'how' is defined but never used                                                   no-unused-vars
  3:174873  warning  'process' is not defined                                                          no-undef
  3:174977  warning  'dateNow' is not defined                                                          no-undef
  3:175377  warning  'handle' is defined but never used                                                no-unused-vars
  3:175432  warning  'filename' is defined but never used                                              no-unused-vars
  3:175441  warning  'flag' is defined but never used                                                  no-unused-vars
  3:175464  warning  'handle' is defined but never used                                                no-unused-vars
  3:175471  warning  'symbol' is defined but never used                                                no-unused-vars
  3:175607  warning  Expected a conditional expression and instead saw an assignment                   no-cond-assign
  3:175814  warning  'sync' is defined but never used                                                  no-unused-vars
  3:177077  warning  'setImmediate' is not defined                                                     no-undef
  3:177466  warning  'setImmediate' is not defined                                                     no-undef
  3:179466  warning  'SDL' is not defined                                                              no-undef
  3:179477  warning  'SDL' is not defined                                                              no-undef
  3:179505  warning  'SDL' is not defined                                                              no-undef
  3:181606  warning  'MozBlobBuilder' is not defined                                                   no-undef
  3:181659  warning  'WebKitBlobBuilder' is not defined                                                no-undef
  3:183142  warning  'event' is defined but never used                                                 no-unused-vars
  3:184044  warning  'event' is defined but never used                                                 no-unused-vars
  3:187017  warning  'canvas' is defined but never used                                                no-unused-vars
  3:187024  warning  'useWebGL' is defined but never used                                              no-unused-vars
  3:187033  warning  'setInModule' is defined but never used                                           no-unused-vars
  3:191595  warning  'SDL' is not defined                                                              no-undef
  3:191644  warning  'SDL' is not defined                                                              no-undef
  3:193229  warning  'event' is defined but never used                                                 no-unused-vars
  3:193798  warning  'SDL' is not defined                                                              no-undef
  3:193840  warning  'SDL' is not defined                                                              no-undef
  3:194022  warning  'SDL' is not defined                                                              no-undef
  3:194065  warning  'SDL' is not defined                                                              no-undef
  3:199690  warning  'ret' is assigned a value but never used                                          no-unused-vars
  3:207687  warning  'i' is already defined                                                            no-redeclare
  3:207860  warning  'i' is already defined                                                            no-redeclare
  3:209551  warning  Empty block statement                                                             no-empty
  3:209873  warning  Unexpected constant condition                                                     no-constant-condition
  3:210125  warning  Unexpected constant condition                                                     no-constant-condition
  3:210773  warning  Unexpected constant condition                                                     no-constant-condition
  3:211147  warning  'nextNext' is already defined                                                     no-redeclare
  3:213177  warning  'argText' is already defined                                                      no-redeclare
  3:215047  warning  'i' is already defined                                                            no-redeclare
  3:215483  warning  'i' is already defined                                                            no-redeclare
  3:215696  warning  'funstr' is assigned a value but never used                                       no-unused-vars
  3:217551  warning  'emscripten_source_map' is not defined                                            no-undef
  3:220407  warning  Empty block statement                                                             no-empty
  3:220976  warning  Expected a conditional expression and instead saw an assignment                   no-cond-assign
  3:221221  warning  'targetThread' is defined but never used                                          no-unused-vars
  3:222411  warning  'targetThread' is defined but never used                                          no-unused-vars
  3:223585  warning  'targetThread' is defined but never used                                          no-unused-vars
  3:224997  warning  'targetThread' is defined but never used                                          no-unused-vars
  3:227314  warning  'targetThread' is defined but never used                                          no-unused-vars
  3:228701  warning  'targetThread' is defined but never used                                          no-unused-vars
  3:228966  warning  'i' is already defined                                                            no-redeclare
  3:229069  warning  'i' is already defined                                                            no-redeclare
  3:229383  warning  'i' is already defined                                                            no-redeclare
  3:229401  warning  't' is already defined                                                            no-redeclare
  3:231145  warning  'targetThread' is defined but never used                                          no-unused-vars
  3:232243  warning  Empty block statement                                                             no-empty
  3:235597  warning  'i' is already defined                                                            no-redeclare
  3:235611  warning  Unexpected constant condition                                                     no-constant-condition
  3:244859  warning  'x' is already defined                                                            no-redeclare
  3:247357  warning  'fd' is defined but never used                                                    no-unused-vars
  3:247360  warning  'operation' is defined but never used                                             no-unused-vars
  3:250542  warning  'numBytesWrittenExclNull' is already defined                                      no-redeclare
  3:266372  warning  'i' is already defined                                                            no-redeclare
  3:270276  warning  'program' is defined but never used                                               no-unused-vars
  3:270284  warning  'bufSize' is defined but never used                                               no-unused-vars
  3:270292  warning  'length' is defined but never used                                                no-unused-vars
  3:270299  warning  'binaryFormat' is defined but never used                                          no-unused-vars
  3:270312  warning  'binary' is defined but never used                                                no-unused-vars
  3:271233  warning  'i' is already defined                                                            no-redeclare
  3:271506  warning  'i' is already defined                                                            no-redeclare
  3:275895  warning  'i' is already defined                                                            no-redeclare
  3:276104  warning  Expected a conditional expression and instead saw an assignment                   no-cond-assign
  3:277137  warning  Expected a conditional expression and instead saw an assignment                   no-cond-assign
  3:280908  warning  'program' is defined but never used                                               no-unused-vars
  3:280916  warning  'binaryFormat' is defined but never used                                          no-unused-vars
  3:280929  warning  'binary' is defined but never used                                                no-unused-vars
  3:280936  warning  'length' is defined but never used                                                no-unused-vars
  3:280995  warning  'program' is defined but never used                                               no-unused-vars
  3:281003  warning  'pname' is defined but never used                                                 no-unused-vars
  3:281009  warning  'value' is defined but never used                                                 no-unused-vars
  3:281944  warning  'internalFormat' is defined but never used                                        no-unused-vars
  3:283894  warning  'keepWhitespace' is defined but never used                                        no-unused-vars
  3:284423  warning  'len' is assigned a value but never used                                          no-unused-vars
  3:285352  warning  'j' is already defined                                                            no-redeclare
  3:288147  warning  Empty block statement                                                             no-empty
  3:288811  warning  Expected a conditional expression and instead saw an assignment                   no-cond-assign
  3:289385  warning  Expected a conditional expression and instead saw an assignment                   no-cond-assign
  3:294246  warning  'view' is already defined                                                         no-redeclare
  3:294756  warning  'view' is already defined                                                         no-redeclare
  3:295310  warning  'view' is already defined                                                         no-redeclare
  3:295740  warning  'view' is already defined                                                         no-redeclare
  3:296331  warning  'view' is already defined                                                         no-redeclare
  3:296796  warning  'view' is already defined                                                         no-redeclare
  3:297413  warning  'view' is already defined                                                         no-redeclare
  3:297914  warning  'view' is already defined                                                         no-redeclare
  3:298946  warning  'view' is already defined                                                         no-redeclare
  3:299772  warning  'view' is already defined                                                         no-redeclare
  3:301297  warning  Expected a conditional expression and instead saw an assignment                   no-cond-assign
  3:303978  warning  Empty block statement                                                             no-empty
  3:310983  warning  'rule' is already defined                                                         no-redeclare
  3:313390  warning  'i' is already defined                                                            no-redeclare
  3:313548  warning  'i' is already defined                                                            no-redeclare
  3:326399  warning  'asm' is assigned a value but never used                                          no-unused-vars
  3:326420  warning  '___wasm_call_ctors' is assigned a value but never used                           no-unused-vars
  3:326582  warning  '_SendMessageFloat' is assigned a value but never used                            no-unused-vars
  3:326740  warning  '_SendMessageString' is assigned a value but never used                           no-unused-vars
  3:326902  warning  '_SendMessage' is assigned a value but never used                                 no-unused-vars
  3:327040  warning  '_SetFullscreen' is assigned a value but never used                               no-unused-vars
  3:327186  warning  '_main' is assigned a value but never used                                        no-unused-vars
  3:329668  warning  'dynCall_iidiiii' is assigned a value but never used                              no-unused-vars
  3:336664  warning  'dynCall_viifii' is assigned a value but never used                               no-unused-vars
  3:338048  warning  'dynCall_iiijii' is assigned a value but never used                               no-unused-vars
  3:338194  warning  'dynCall_iijiiii' is assigned a value but never used                              no-unused-vars
  3:340180  warning  'dynCall_iiiiji' is assigned a value but never used                               no-unused-vars
  3:340504  warning  'dynCall_iidi' is assigned a value but never used                                 no-unused-vars
  3:340642  warning  'dynCall_iifi' is assigned a value but never used                                 no-unused-vars
  3:341640  warning  'dynCall_fiifi' is assigned a value but never used                                no-unused-vars
  3:341782  warning  'dynCall_iiffi' is assigned a value but never used                                no-unused-vars
  3:341924  warning  'dynCall_iiiifi' is assigned a value but never used                               no-unused-vars
  3:343080  warning  'dynCall_fiiffi' is assigned a value but never used                               no-unused-vars
  3:343226  warning  'dynCall_viiififii' is assigned a value but never used                            no-unused-vars
  3:344248  warning  'dynCall_iiifii' is assigned a value but never used                               no-unused-vars
  3:344394  warning  'dynCall_viiiifii' is assigned a value but never used                             no-unused-vars
  3:345452  warning  'dynCall_iiddi' is assigned a value but never used                                no-unused-vars
  3:345760  warning  'dynCall_fiifii' is assigned a value but never used                               no-unused-vars
  3:347674  warning  'dynCall_fffifffi' is assigned a value but never used                             no-unused-vars
  3:347828  warning  'dynCall_viiiifffi' is assigned a value but never used                            no-unused-vars
  3:347986  warning  'dynCall_fffifffffi' is assigned a value but never used                           no-unused-vars
  3:348148  warning  'dynCall_viiiifffffi' is assigned a value but never used                          no-unused-vars
  3:348314  warning  'dynCall_fffffi' is assigned a value but never used                               no-unused-vars
  3:348460  warning  'dynCall_viiiffi' is assigned a value but never used                              no-unused-vars
  3:348610  warning  'dynCall_fffiffffffi' is assigned a value but never used                          no-unused-vars
  3:348776  warning  'dynCall_viiiiffffffi' is assigned a value but never used                         no-unused-vars
  3:348946  warning  'dynCall_ifii' is assigned a value but never used                                 no-unused-vars
  3:349084  warning  'dynCall_iiiffi' is assigned a value but never used                               no-unused-vars
  3:349230  warning  'dynCall_iifffi' is assigned a value but never used                               no-unused-vars
  3:349376  warning  'dynCall_ifffi' is assigned a value but never used                                no-unused-vars
  3:349518  warning  'dynCall_iiifffi' is assigned a value but never used                              no-unused-vars
  3:349668  warning  'dynCall_iiiiifi' is assigned a value but never used                              no-unused-vars
  3:349818  warning  'dynCall_ffffi' is assigned a value but never used                                no-unused-vars
  3:349960  warning  'dynCall_ffffffi' is assigned a value but never used                              no-unused-vars
  3:350110  warning  'dynCall_iiiiffi' is assigned a value but never used                              no-unused-vars
  3:350260  warning  'dynCall_iiiiffffi' is assigned a value but never used                            no-unused-vars
  3:350418  warning  'dynCall_iiiifffffi' is assigned a value but never used                           no-unused-vars
  3:350580  warning  'dynCall_vifffffi' is assigned a value but never used                             no-unused-vars
  3:350892  warning  'dynCall_idi' is assigned a value but never used                                  no-unused-vars
  3:351026  warning  'dynCall_ifi' is assigned a value but never used                                  no-unused-vars
  3:351160  warning  'dynCall_iiiiiffi' is assigned a value but never used                             no-unused-vars
  3:351314  warning  'dynCall_viiiiiiifiii' is assigned a value but never used                         no-unused-vars
  3:351484  warning  'dynCall_fiiifii' is assigned a value but never used                              no-unused-vars
  3:351634  warning  'dynCall_fifii' is assigned a value but never used                                no-unused-vars
  3:351776  warning  'dynCall_fiffi' is assigned a value but never used                                no-unused-vars
  3:351918  warning  'dynCall_iiiffii' is assigned a value but never used                              no-unused-vars
  3:352068  warning  'dynCall_fifiii' is assigned a value but never used                               no-unused-vars
  3:352214  warning  'dynCall_viiiiffii' is assigned a value but never used                            no-unused-vars
  3:352372  warning  'dynCall_viiiiifffi' is assigned a value but never used                           no-unused-vars
  3:352534  warning  'dynCall_viiifffi' is assigned a value but never used                             no-unused-vars
  3:352688  warning  'dynCall_fifiiiii' is assigned a value but never used                             no-unused-vars
  3:352842  warning  'dynCall_iiifiiii' is assigned a value but never used                             no-unused-vars
  3:352996  warning  'dynCall_viifiii' is assigned a value but never used                              no-unused-vars
  3:353146  warning  'dynCall_vifiiiii' is assigned a value but never used                             no-unused-vars
  3:353300  warning  'dynCall_viffiifffiii' is assigned a value but never used                         no-unused-vars
  3:353470  warning  'dynCall_viiiiiifi' is assigned a value but never used                            no-unused-vars
  3:353628  warning  'dynCall_viiiiffi' is assigned a value but never used                             no-unused-vars
  3:353782  warning  'dynCall_fiiiiii' is assigned a value but never used                              no-unused-vars
  3:353932  warning  'dynCall_fifffi' is assigned a value but never used                               no-unused-vars
  3:354078  warning  'dynCall_viffiiiii' is assigned a value but never used                            no-unused-vars
  3:354236  warning  'dynCall_vifiii' is assigned a value but never used                               no-unused-vars
  3:354382  warning  'dynCall_iiifiii' is assigned a value but never used                              no-unused-vars
  3:354532  warning  'dynCall_iifiifiii' is assigned a value but never used                            no-unused-vars
  3:354690  warning  'dynCall_vifffi' is assigned a value but never used                               no-unused-vars
  3:354836  warning  'dynCall_iifiiii' is assigned a value but never used                              no-unused-vars
  3:354986  warning  'dynCall_viddi' is assigned a value but never used                                no-unused-vars
  3:355128  warning  'dynCall_vijji' is assigned a value but never used                                no-unused-vars
  3:355270  warning  'dynCall_vijjjji' is assigned a value but never used                              no-unused-vars
  3:355420  warning  'dynCall_iijjjji' is assigned a value but never used                              no-unused-vars
  3:355570  warning  'dynCall_iiidi' is assigned a value but never used                                no-unused-vars
  3:355712  warning  'dynCall_iijjjjiii' is assigned a value but never used                            no-unused-vars
  3:355870  warning  'dynCall_iiiidi' is assigned a value but never used                               no-unused-vars
  3:356016  warning  'dynCall_viiidi' is assigned a value but never used                               no-unused-vars
  3:356162  warning  'dynCall_viiifii' is assigned a value but never used                              no-unused-vars
  3:356312  warning  'dynCall_fidi' is assigned a value but never used                                 no-unused-vars
  3:356450  warning  'dynCall_vidfi' is assigned a value but never used                                no-unused-vars
  3:356592  warning  'dynCall_diiiii' is assigned a value but never used                               no-unused-vars
  3:356738  warning  'dynCall_fifdi' is assigned a value but never used                                no-unused-vars
  3:356880  warning  'dynCall_didi' is assigned a value but never used                                 no-unused-vars
  3:357018  warning  'dynCall_iidii' is assigned a value but never used                                no-unused-vars
  3:357160  warning  'dynCall_vidii' is assigned a value but never used                                no-unused-vars
  3:357302  warning  'dynCall_didfiii' is assigned a value but never used                              no-unused-vars
  3:357452  warning  'dynCall_didfii' is assigned a value but never used                               no-unused-vars
  3:357598  warning  'dynCall_viiiddiii' is assigned a value but never used                            no-unused-vars
  3:357756  warning  'dynCall_viiiddi' is assigned a value but never used                              no-unused-vars
  3:357906  warning  'dynCall_fiddi' is assigned a value but never used                                no-unused-vars
  3:358048  warning  'dynCall_iiiiidddii' is assigned a value but never used                           no-unused-vars
  3:358210  warning  'dynCall_iiidii' is assigned a value but never used                               no-unused-vars
  3:358356  warning  'dynCall_iiidiiii' is assigned a value but never used                             no-unused-vars
  3:358510  warning  'dynCall_viddii' is assigned a value but never used                               no-unused-vars
  3:358656  warning  'dynCall_viiiidiii' is assigned a value but never used                            no-unused-vars
  3:358814  warning  'dynCall_iidiii' is assigned a value but never used                               no-unused-vars
  3:358960  warning  'dynCall_vifdii' is assigned a value but never used                               no-unused-vars
  3:359106  warning  'dynCall_didfiiii' is assigned a value but never used                             no-unused-vars
  3:359260  warning  'dynCall_fiddii' is assigned a value but never used                               no-unused-vars
  3:359406  warning  'dynCall_fiiddi' is assigned a value but never used                               no-unused-vars
  3:359552  warning  'dynCall_iiddiii' is assigned a value but never used                              no-unused-vars
  3:359702  warning  'dynCall_didfiiddi' is assigned a value but never used                            no-unused-vars
  3:359860  warning  'dynCall_didfiiiddi' is assigned a value but never used                           no-unused-vars
  3:360022  warning  'dynCall_viiiiddi' is assigned a value but never used                             no-unused-vars
  3:360176  warning  'dynCall_fidddi' is assigned a value but never used                               no-unused-vars
  3:360322  warning  'dynCall_diiiddi' is assigned a value but never used                              no-unused-vars
  3:360472  warning  'dynCall_diiiddii' is assigned a value but never used                             no-unused-vars
  3:360626  warning  'dynCall_vidiiii' is assigned a value but never used                              no-unused-vars
  3:360776  warning  'dynCall_viiiiifii' is assigned a value but never used                            no-unused-vars
  3:360934  warning  'dynCall_viiiiifdi' is assigned a value but never used                            no-unused-vars
  3:361092  warning  'dynCall_difiiii' is assigned a value but never used                              no-unused-vars
  3:361242  warning  'dynCall_didfidiii' is assigned a value but never used                            no-unused-vars
  3:361400  warning  'dynCall_viiifffiiiiiiii' is assigned a value but never used                      no-unused-vars
  3:361582  warning  'dynCall_diddi' is assigned a value but never used                                no-unused-vars
  3:361724  warning  'dynCall_ddi' is assigned a value but never used                                  no-unused-vars
  3:361858  warning  'dynCall_ddddi' is assigned a value but never used                                no-unused-vars
  3:362000  warning  'dynCall_jijii' is assigned a value but never used                                no-unused-vars
  3:362142  warning  'dynCall_iiiji' is assigned a value but never used                                no-unused-vars
  3:362284  warning  'dynCall_viiiiiiiiiiiiii' is assigned a value but never used                      no-unused-vars
  3:362466  warning  'dynCall_iiiiiji' is assigned a value but never used                              no-unused-vars
  3:362616  warning  'dynCall_viiijii' is assigned a value but never used                              no-unused-vars
  3:362766  warning  'dynCall_iiiiiiiiiiii' is assigned a value but never used                         no-unused-vars
  3:362936  warning  'dynCall_jidi' is assigned a value but never used                                 no-unused-vars
  3:363074  warning  'dynCall_diji' is assigned a value but never used                                 no-unused-vars
  3:363212  warning  'dynCall_vidddi' is assigned a value but never used                               no-unused-vars
  3:363358  warning  'dynCall_vjii' is assigned a value but never used                                 no-unused-vars
  3:363496  warning  'dynCall_jji' is assigned a value but never used                                  no-unused-vars
  3:363630  warning  'dynCall_ijii' is assigned a value but never used                                 no-unused-vars
  3:363768  warning  'dynCall_ijiii' is assigned a value but never used                                no-unused-vars
  3:363910  warning  'dynCall_iffffi' is assigned a value but never used                               no-unused-vars
  3:364056  warning  'dynCall_vfffi' is assigned a value but never used                                no-unused-vars
  3:364198  warning  'dynCall_vffi' is assigned a value but never used                                 no-unused-vars
  3:364336  warning  'dynCall_vffffi' is assigned a value but never used                               no-unused-vars
  3:364482  warning  'dynCall_viiiffii' is assigned a value but never used                             no-unused-vars
  3:364636  warning  'dynCall_vffffffii' is assigned a value but never used                            no-unused-vars
  3:364794  warning  'dynCall_vffffii' is assigned a value but never used                              no-unused-vars
  3:364944  warning  'dynCall_vfiii' is assigned a value but never used                                no-unused-vars
  3:365086  warning  'dynCall_iffi' is assigned a value but never used                                 no-unused-vars
  3:365224  warning  'dynCall_vfii' is assigned a value but never used                                 no-unused-vars
  3:365362  warning  'dynCall_vjiiii' is assigned a value but never used                               no-unused-vars
  3:365508  warning  'dynCall_vifffii' is assigned a value but never used                              no-unused-vars
  3:365658  warning  'dynCall_iiiifiiiii' is assigned a value but never used                           no-unused-vars
  3:365820  warning  'dynCall_iiiifiiii' is assigned a value but never used                            no-unused-vars
  3:365978  warning  'dynCall_iiiifiii' is assigned a value but never used                             no-unused-vars
  3:366132  warning  'dynCall_vijjii' is assigned a value but never used                               no-unused-vars
  3:366278  warning  'dynCall_viiiiiiifi' is assigned a value but never used                           no-unused-vars
  3:366440  warning  'dynCall_iiiiiiifiiii' is assigned a value but never used                         no-unused-vars
  3:366610  warning  'dynCall_viiiififfi' is assigned a value but never used                           no-unused-vars
  3:366772  warning  'dynCall_viiiifiifi' is assigned a value but never used                           no-unused-vars
  3:366934  warning  'dynCall_viiiifiiii' is assigned a value but never used                           no-unused-vars
  3:367096  warning  'dynCall_viiiifiiiii' is assigned a value but never used                          no-unused-vars
  3:367262  warning  'dynCall_viiiifiiiiiiii' is assigned a value but never used                       no-unused-vars
  3:367440  warning  'dynCall_viiiiiffii' is assigned a value but never used                           no-unused-vars
  3:367602  warning  'dynCall_viffffii' is assigned a value but never used                             no-unused-vars
  3:367756  warning  'dynCall_vifiiii' is assigned a value but never used                              no-unused-vars
  3:367906  warning  'dynCall_viiifiii' is assigned a value but never used                             no-unused-vars
  3:368060  warning  'dynCall_viiififi' is assigned a value but never used                             no-unused-vars
  3:368214  warning  'dynCall_viiififfi' is assigned a value but never used                            no-unused-vars
  3:368372  warning  'dynCall_iifiii' is assigned a value but never used                               no-unused-vars
  3:368518  warning  'dynCall_iiiiifiii' is assigned a value but never used                            no-unused-vars
  3:368676  warning  'dynCall_iiifiifiii' is assigned a value but never used                           no-unused-vars
  3:368838  warning  'dynCall_viffiiii' is assigned a value but never used                             no-unused-vars
  3:368992  warning  'dynCall_viiiiffffiiii' is assigned a value but never used                        no-unused-vars
  3:369166  warning  'dynCall_iiiiiiffiiiiiiiiiffffiiii' is assigned a value but never used            no-unused-vars
  3:369388  warning  'dynCall_iiiiiiffiiiiiiiiiiiiiii' is assigned a value but never used              no-unused-vars
  3:369602  warning  'dynCall_fiiiffi' is assigned a value but never used                              no-unused-vars
  3:369752  warning  'dynCall_viffffiii' is assigned a value but never used                            no-unused-vars
  3:369910  warning  'dynCall_viijji' is assigned a value but never used                               no-unused-vars
  3:370056  warning  'dynCall_viififii' is assigned a value but never used                             no-unused-vars
  3:370210  warning  'dynCall_iiiffiiii' is assigned a value but never used                            no-unused-vars
  3:370368  warning  'dynCall_iiiiffiiii' is assigned a value but never used                           no-unused-vars
  3:370530  warning  'dynCall_viiffffi' is assigned a value but never used                             no-unused-vars
  3:370684  warning  'dynCall_viffiii' is assigned a value but never used                              no-unused-vars
  3:370834  warning  'dynCall_fiffffi' is assigned a value but never used                              no-unused-vars
  3:370984  warning  'dynCall_fffffffi' is assigned a value but never used                             no-unused-vars
  3:371138  warning  'dynCall_viffifi' is assigned a value but never used                              no-unused-vars
  3:371288  warning  'dynCall_viiffifi' is assigned a value but never used                             no-unused-vars
  3:371442  warning  'dynCall_viiififiii' is assigned a value but never used                           no-unused-vars
  3:371604  warning  'dynCall_viiffiiiiiiiii' is assigned a value but never used                       no-unused-vars
  3:371782  warning  'dynCall_viiiiiffiii' is assigned a value but never used                          no-unused-vars
  3:371948  warning  'dynCall_viiffiii' is assigned a value but never used                             no-unused-vars
  3:372102  warning  'dynCall_viiffiiiiiii' is assigned a value but never used                         no-unused-vars
  3:372272  warning  'dynCall_viiffii' is assigned a value but never used                              no-unused-vars
  3:372422  warning  'dynCall_fffffffffi' is assigned a value but never used                           no-unused-vars
  3:372584  warning  'dynCall_vifiiiiii' is assigned a value but never used                            no-unused-vars
  3:372742  warning  'dynCall_viifiiiiiii' is assigned a value but never used                          no-unused-vars
  3:372908  warning  'dynCall_viiififfiiiiiii' is assigned a value but never used                      no-unused-vars
  3:373090  warning  'dynCall_viiffiifiiiiiii' is assigned a value but never used                      no-unused-vars
  3:373272  warning  'dynCall_viifiiiiii' is assigned a value but never used                           no-unused-vars
  3:373434  warning  'dynCall_viiifiiiiii' is assigned a value but never used                          no-unused-vars
  3:373600  warning  'dynCall_viiiifiiiiii' is assigned a value but never used                         no-unused-vars
  3:373770  warning  'dynCall_viififiiiiii' is assigned a value but never used                         no-unused-vars
  3:373940  warning  'dynCall_viiiffiifiiiiiii' is assigned a value but never used                     no-unused-vars
  3:374126  warning  'dynCall_viiiiiifiiiiii' is assigned a value but never used                       no-unused-vars
  3:374304  warning  'dynCall_ffii' is assigned a value but never used                                 no-unused-vars
  3:374442  warning  'dynCall_viffii' is assigned a value but never used                               no-unused-vars
  3:374588  warning  'dynCall_vififiii' is assigned a value but never used                             no-unused-vars
  3:374742  warning  'dynCall_viiiiiiiijiiii' is assigned a value but never used                       no-unused-vars
  3:374920  warning  'dynCall_viifiiii' is assigned a value but never used                             no-unused-vars
  3:375074  warning  'dynCall_viiidii' is assigned a value but never used                              no-unused-vars
  3:375224  warning  'dynCall_ijiiiiiiiii' is assigned a value but never used                          no-unused-vars
  3:375390  warning  'dynCall_iiijiiiii' is assigned a value but never used                            no-unused-vars
  3:375548  warning  'dynCall_viiijiii' is assigned a value but never used                             no-unused-vars
  3:375702  warning  'dynCall_ijjiii' is assigned a value but never used                               no-unused-vars
  3:375848  warning  'dynCall_ffiii' is assigned a value but never used                                no-unused-vars
  3:375990  warning  'dynCall_ddiii' is assigned a value but never used                                no-unused-vars
  3:376132  warning  'dynCall_fffiii' is assigned a value but never used                               no-unused-vars
  3:376278  warning  'dynCall_dddiii' is assigned a value but never used                               no-unused-vars
  3:376424  warning  'dynCall_jjiii' is assigned a value but never used                                no-unused-vars
  3:376566  warning  'dynCall_jddi' is assigned a value but never used                                 no-unused-vars
  3:376704  warning  'dynCall_jjii' is assigned a value but never used                                 no-unused-vars
  3:376842  warning  'dynCall_jjjii' is assigned a value but never used                                no-unused-vars
  3:376984  warning  'dynCall_jdii' is assigned a value but never used                                 no-unused-vars
  3:377122  warning  'dynCall_djii' is assigned a value but never used                                 no-unused-vars
  3:377260  warning  'dynCall_fdi' is assigned a value but never used                                  no-unused-vars
  3:377394  warning  'dynCall_jjiiii' is assigned a value but never used                               no-unused-vars
  3:377540  warning  'dynCall_viiiiiiiiiiiiiiiiii' is assigned a value but never used                  no-unused-vars
  3:377738  warning  'dynCall_viiiiiiiiiiiiiiiiiiiiiiiiiiiiiiiiii' is assigned a value but never used  no-unused-vars
  3:378000  warning  'dynCall_viffffffffi' is assigned a value but never used                          no-unused-vars
  3:378166  warning  'dynCall_viddddi' is assigned a value but never used                              no-unused-vars
  3:378316  warning  'dynCall_ddii' is assigned a value but never used                                 no-unused-vars
  3:378454  warning  'dynCall_viddddddi' is assigned a value but never used                            no-unused-vars
  3:378612  warning  'dynCall_viddddddddi' is assigned a value but never used                          no-unused-vars
  3:378778  warning  'dynCall_vidddddddddi' is assigned a value but never used                         no-unused-vars
  3:378948  warning  'dynCall_viddddddddddddi' is assigned a value but never used                      no-unused-vars
  3:379130  warning  'dynCall_vididi' is assigned a value but never used                               no-unused-vars
  3:379276  warning  'dynCall_viddddddddddddddddi' is assigned a value but never used                  no-unused-vars
  3:379474  warning  'dynCall_vifffffffffi' is assigned a value but never used                         no-unused-vars
  3:379644  warning  'dynCall_viffffffffffffi' is assigned a value but never used                      no-unused-vars
  3:379826  warning  'dynCall_vififi' is assigned a value but never used                               no-unused-vars
  3:379972  warning  'dynCall_viffffffffffffffffi' is assigned a value but never used                  no-unused-vars
  3:380170  warning  'dynCall_ddddddi' is assigned a value but never used                              no-unused-vars
  3:380320  warning  'dynCall_jjjji' is assigned a value but never used                                no-unused-vars
  3:380462  warning  'dynCall_fffii' is assigned a value but never used                                no-unused-vars
  3:380604  warning  'dynCall_dddii' is assigned a value but never used                                no-unused-vars
  3:380746  warning  'dynCall_vdiii' is assigned a value but never used                                no-unused-vars
  3:380888  warning  'dynCall_viifffii' is assigned a value but never used                             no-unused-vars
  3:381042  warning  'dynCall_viiiffiffiiiiiiiiiiiiiii' is assigned a value but never used             no-unused-vars
  3:381260  warning  'dynCall_viiiffiffiiiiiiiiiiiiiiiii' is assigned a value but never used           no-unused-vars
  3:381486  warning  'dynCall_viiiiiffiiiii' is assigned a value but never used                        no-unused-vars
  3:381660  warning  'dynCall_iiiiiiiiiiiiiifiiiiii' is assigned a value but never used                no-unused-vars
  3:381866  warning  'dynCall_iiiiiiiiiiiiifiiiiii' is assigned a value but never used                 no-unused-vars
  3:382068  warning  'dynCall_iiiiiiiiiiiiiiifiiiiii' is assigned a value but never used               no-unused-vars
  3:382278  warning  'dynCall_viiiffffi' is assigned a value but never used                            no-unused-vars
  3:382436  warning  'dynCall_iiiiiiifi' is assigned a value but never used                            no-unused-vars
  3:382594  warning  'dynCall_iiiiiifiii' is assigned a value but never used                           no-unused-vars
  3:382756  warning  'dynCall_iiiiiiiifiiiii' is assigned a value but never used                       no-unused-vars
  3:382934  warning  'dynCall_vffiii' is assigned a value but never used                               no-unused-vars
  3:383080  warning  'dynCall_vififiiii' is assigned a value but never used                            no-unused-vars
  3:383238  warning  'dynCall_viiiiiiiifi' is assigned a value but never used                          no-unused-vars
  3:383404  warning  'dynCall_iifiiiii' is assigned a value but never used                             no-unused-vars
  3:383558  warning  'dynCall_iiiiiffii' is assigned a value but never used                            no-unused-vars
  3:383716  warning  'dynCall_viiiifiii' is assigned a value but never used                            no-unused-vars
  3:383874  warning  'dynCall_viiffffffi' is assigned a value but never used                           no-unused-vars
  3:384036  warning  'dynCall_viifffffffi' is assigned a value but never used                          no-unused-vars
  3:384202  warning  'dynCall_viiffffffffi' is assigned a value but never used                         no-unused-vars
  3:384372  warning  'dynCall_viiffffffffiii' is assigned a value but never used                       no-unused-vars
  3:384550  warning  'dynCall_viiiiffffii' is assigned a value but never used                          no-unused-vars
  3:384716  warning  'dynCall_ddidi' is assigned a value but never used                                no-unused-vars
  3:384858  warning  'dynCall_di' is assigned a value but never used                                   no-unused-vars
  3:384988  warning  'dynCall_jfi' is assigned a value but never used                                  no-unused-vars
  3:385122  warning  'dynCall_fji' is assigned a value but never used                                  no-unused-vars
  3:385256  warning  'dynCall_iiiddi' is assigned a value but never used                               no-unused-vars
  3:385402  warning  'dynCall_viddiiii' is assigned a value but never used                             no-unused-vars
  3:385556  warning  'dynCall_vdi' is assigned a value but never used                                  no-unused-vars
  3:385690  warning  'dynCall_iddi' is assigned a value but never used                                 no-unused-vars
  3:385828  warning  'dynCall_idddi' is assigned a value but never used                                no-unused-vars
  3:385970  warning  'dynCall_iddii' is assigned a value but never used                                no-unused-vars
  3:386112  warning  'dynCall_idiiii' is assigned a value but never used                               no-unused-vars
  3:386258  warning  'dynCall_iiiiiiiiiiiiii' is assigned a value but never used                       no-unused-vars
  3:386436  warning  'dynCall_vijiiiiiii' is assigned a value but never used                           no-unused-vars
  3:386598  warning  'dynCall_vijiiiiiiii' is assigned a value but never used                          no-unused-vars
  3:386764  warning  'dynCall_jjiiiii' is assigned a value but never used                              no-unused-vars
  3:386914  warning  'dynCall_jijjji' is assigned a value but never used                               no-unused-vars
  3:387060  warning  'dynCall_jijjjii' is assigned a value but never used                              no-unused-vars
  3:387210  warning  'dynCall_ijiiii' is assigned a value but never used                               no-unused-vars
  3:387356  warning  'dynCall_ijijiiiii' is assigned a value but never used                            no-unused-vars
  3:387514  warning  'dynCall_ijjjiii' is assigned a value but never used                              no-unused-vars
  3:387664  warning  'dynCall_vijjjiijii' is assigned a value but never used                           no-unused-vars
  3:387826  warning  'dynCall_ijjjiijii' is assigned a value but never used                            no-unused-vars
  3:387984  warning  'dynCall_vijiiiiii' is assigned a value but never used                            no-unused-vars
  3:388142  warning  'dynCall_vijiiii' is assigned a value but never used                              no-unused-vars
  3:388292  warning  'dynCall_dfi' is assigned a value but never used                                  no-unused-vars
  3:388426  warning  'dynCall_jidii' is assigned a value but never used                                no-unused-vars
  3:388568  warning  'dynCall_ijiijii' is assigned a value but never used                              no-unused-vars
  3:388718  warning  'dynCall_vjjiiiii' is assigned a value but never used                             no-unused-vars
  3:388872  warning  'dynCall_vjjii' is assigned a value but never used                                no-unused-vars
  3:389014  warning  'dynCall_ijiiji' is assigned a value but never used                               no-unused-vars
  3:389160  warning  'dynCall_ijiiiii' is assigned a value but never used                              no-unused-vars
  3:389310  warning  'dynCall_ijiiiiji' is assigned a value but never used                             no-unused-vars
  3:389464  warning  'dynCall_idiii' is assigned a value but never used                                no-unused-vars
  3:389606  warning  'dynCall_idiiiii' is assigned a value but never used                              no-unused-vars
  3:389756  warning  'dynCall_ifiii' is assigned a value but never used                                no-unused-vars
  3:389898  warning  'dynCall_ifiiiii' is assigned a value but never used                              no-unused-vars
  3:390048  warning  'dynCall_vijijji' is assigned a value but never used                              no-unused-vars
  3:390198  warning  'dynCall_iijjji' is assigned a value but never used                               no-unused-vars
  3:390344  warning  'dynCall_viijjji' is assigned a value but never used                              no-unused-vars
  3:390494  warning  'dynCall_vdii' is assigned a value but never used                                 no-unused-vars
  3:390782  warning  'dynCall_jijji' is assigned a value but never used                                no-unused-vars
  3:390924  warning  'dynCall_viiiijii' is assigned a value but never used                             no-unused-vars
  3:391078  warning  'dynCall_viiijji' is assigned a value but never used                              no-unused-vars
  3:391228  warning  'dynCall_iijjii' is assigned a value but never used                               no-unused-vars
  3:391374  warning  'dynCall_viijijii' is assigned a value but never used                             no-unused-vars
  3:391528  warning  'dynCall_viijijiii' is assigned a value but never used                            no-unused-vars
  3:391686  warning  'dynCall_vijiji' is assigned a value but never used                               no-unused-vars
  3:391832  warning  'dynCall_viijiijiii' is assigned a value but never used                           no-unused-vars
  3:391994  warning  'dynCall_viiiijiiii' is assigned a value but never used                           no-unused-vars
  3:392156  warning  'dynCall_jiiiiii' is assigned a value but never used                              no-unused-vars
  3:392306  warning  'dynCall_viijjii' is assigned a value but never used                              no-unused-vars
  3:392456  warning  'dynCall_iiiiijii' is assigned a value but never used                             no-unused-vars
  3:392610  warning  'dynCall_iiiiidii' is assigned a value but never used                             no-unused-vars
  3:392914  warning  'dynCall_iiiiifii' is assigned a value but never used                             no-unused-vars
  3:393068  warning  'dynCall_iiidiii' is assigned a value but never used                              no-unused-vars
  3:393218  warning  'dynCall_iiiiffiiiji' is assigned a value but never used                          no-unused-vars
  3:393384  warning  'dynCall_iiiiffiiiii' is assigned a value but never used                          no-unused-vars
  3:393550  warning  'dynCall_jiiiiji' is assigned a value but never used                              no-unused-vars
  3:393700  warning  'dynCall_fiiiifi' is assigned a value but never used                              no-unused-vars
  3:393850  warning  'dynCall_iiijjii' is assigned a value but never used                              no-unused-vars
  3:394264  warning  'dynCall_iiiijiii' is assigned a value but never used                             no-unused-vars
  3:394418  warning  'dynCall_iiiij' is assigned a value but never used                                no-unused-vars
  3:394560  warning  'dynCall_fff' is assigned a value but never used                                  no-unused-vars
  3:394694  warning  'dynCall_ijj' is assigned a value but never used                                  no-unused-vars
  3:394828  warning  'dynCall_vjji' is assigned a value but never used                                 no-unused-vars
  3:394966  warning  'dynCall_ij' is assigned a value but never used                                   no-unused-vars
  3:395096  warning  'dynCall_vjiiiiiii' is assigned a value but never used                            no-unused-vars
  3:395254  warning  'dynCall_vif' is assigned a value but never used                                  no-unused-vars
  3:395388  warning  'dynCall_vid' is assigned a value but never used                                  no-unused-vars
  3:395522  warning  'dynCall_viiiiif' is assigned a value but never used                              no-unused-vars
  3:395672  warning  'dynCall_viiiif' is assigned a value but never used                               no-unused-vars
  3:395818  warning  'dynCall_viiiiiif' is assigned a value but never used                             no-unused-vars
  3:395972  warning  'dynCall_iiif' is assigned a value but never used                                 no-unused-vars
  3:396110  warning  'dynCall_viiiiiji' is assigned a value but never used                             no-unused-vars
  3:396264  warning  'dynCall_fif' is assigned a value but never used                                  no-unused-vars
  3:396398  warning  'dynCall_iiiiiifff' is assigned a value but never used                            no-unused-vars
  3:396556  warning  'dynCall_iiiiiifiif' is assigned a value but never used                           no-unused-vars
  3:396718  warning  'dynCall_iiiiiiifiif' is assigned a value but never used                          no-unused-vars
  3:396884  warning  'dynCall_fiff' is assigned a value but never used                                 no-unused-vars
  3:397022  warning  'dynCall_fiiiiiifiifif' is assigned a value but never used                        no-unused-vars
  3:397196  warning  'dynCall_fiiiiiifiiiif' is assigned a value but never used                        no-unused-vars
  3:397370  warning  'dynCall_iifiiiijii' is assigned a value but never used                           no-unused-vars
  3:397532  warning  'dynCall_vifijii' is assigned a value but never used                              no-unused-vars
  3:397682  warning  'dynCall_iiiifffiii' is assigned a value but never used                           no-unused-vars
  3:397844  warning  'dynCall_viffiiiif' is assigned a value but never used                            no-unused-vars
  3:398002  warning  'dynCall_viffiifffffiii' is assigned a value but never used                       no-unused-vars
  3:398180  warning  'dynCall_viffffiifffiiiiif' is assigned a value but never used                    no-unused-vars
  3:398370  warning  'dynCall_iiiifffffii' is assigned a value but never used                          no-unused-vars
  3:398536  warning  'dynCall_viiiiiiiiiiifii' is assigned a value but never used                      no-unused-vars
  3:398718  warning  'dynCall_viff' is assigned a value but never used                                 no-unused-vars
  3:398856  warning  'dynCall_iiiiifiiiiif' is assigned a value but never used                         no-unused-vars
  3:399026  warning  'dynCall_viiifiiiii' is assigned a value but never used                           no-unused-vars
  3:399188  warning  'dynCall_viiiifiiiiif' is assigned a value but never used                         no-unused-vars
  3:399358  warning  'dynCall_iifff' is assigned a value but never used                                no-unused-vars
  3:399500  warning  'dynCall_iif' is assigned a value but never used                                  no-unused-vars
  3:399634  warning  'dynCall_viijijj' is assigned a value but never used                              no-unused-vars
  3:399784  warning  'dynCall_viijj' is assigned a value but never used                                no-unused-vars
  3:399926  warning  'dynCall_viiiij' is assigned a value but never used                               no-unused-vars
  3:400072  warning  'dynCall_iiijji' is assigned a value but never used                               no-unused-vars
  3:400218  warning  'dynCall_ijjiiiii' is assigned a value but never used                             no-unused-vars
  3:400372  warning  'dynCall_iiiiiifffiiifiii' is assigned a value but never used                     no-unused-vars
  3:400558  warning  'dynCall_viid' is assigned a value but never used                                 no-unused-vars
  3:400696  warning  'dynCall_fiiiif' is assigned a value but never used                               no-unused-vars
  3:400842  warning  'dynCall_vidd' is assigned a value but never used                                 no-unused-vars
  3:400980  warning  'dynCall_vij' is assigned a value but never used                                  no-unused-vars
  3:401114  warning  'dynCall_iiiiiff' is assigned a value but never used                              no-unused-vars
  3:401264  warning  'dynCall_viffff' is assigned a value but never used                               no-unused-vars
  3:401410  warning  'dynCall_vifff' is assigned a value but never used                                no-unused-vars
  3:401552  warning  'dynCall_viifff' is assigned a value but never used                               no-unused-vars
  3:401698  warning  'dynCall_vf' is assigned a value but never used                                   no-unused-vars
  3:401970  warning  'dynCall_vff' is assigned a value but never used                                  no-unused-vars
  3:402242  warning  'dynCall_iiff' is assigned a value but never used                                 no-unused-vars
  3:402380  warning  'dynCall_f' is assigned a value but never used                                    no-unused-vars
  3:402506  warning  'dynCall_vffffffi' is assigned a value but never used                             no-unused-vars
  3:402660  warning  'dynCall_ff' is assigned a value but never used                                   no-unused-vars
  3:402790  warning  'dynCall_if' is assigned a value but never used                                   no-unused-vars
  3:402920  warning  'dynCall_iiiiiiifiii' is assigned a value but never used                          no-unused-vars
  3:403086  warning  'dynCall_iiifiifii' is assigned a value but never used                            no-unused-vars
  3:403244  warning  'dynCall_fiif' is assigned a value but never used                                 no-unused-vars
  3:403382  warning  'dynCall_iiiiiiffiiiiiiiiiffffiii' is assigned a value but never used             no-unused-vars
  3:403600  warning  'dynCall_viififi' is assigned a value but never used                              no-unused-vars
  3:403750  warning  'dynCall_viiiiiiiijiii' is assigned a value but never used                        no-unused-vars
  3:425455  warning  'calledMain' is assigned a value but never used                                   no-unused-vars
  3:426752  warning  Empty block statement                                                             no-empty

/home/runner/work/exp-schlierein-imaging-flow-around-different-bodies-supersonic-flow-iitkgp/exp-schlierein-imaging-flow-around-different-bodies-supersonic-flow-iitkgp/experiment/simulation/js/Build/Schlieren _2.loader.js
  1:10     warning  'createUnityInstance' is defined but never used                  no-unused-vars
  1:2910   warning  'e' is defined but never used                                    no-unused-vars
  1:3451   warning  't' is defined but never used                                    no-unused-vars
  1:3705   warning  'dump' is not defined                                            no-undef
  1:5383   warning  Move function declaration to function body root                  no-inner-declarations
  1:5660   warning  'e' is assigned to itself                                        no-self-assign
  1:6014   warning  'e' is defined but never used                                    no-unused-vars
  1:7044   warning  'e' is defined but never used                                    no-unused-vars
  1:7167   warning  'unityFramework' is not defined                                  no-undef
  1:8880   warning  'unityFramework' is not defined                                  no-undef
  1:8895   warning  'unityFramework' is not defined                                  no-undef
  1:8954   warning  'e' is defined but never used                                    no-unused-vars
  1:9586   warning  'e' is defined but never used                                    no-unused-vars
  1:10952  warning  Expected a conditional expression and instead saw an assignment  no-cond-assign
  1:11437  warning  Expected a conditional expression and instead saw an assignment  no-cond-assign
  1:11675  warning  'gl' is not defined                                              no-undef
  1:11701  warning  'glVersion' is not defined                                       no-undef
  1:11711  warning  'gl' is not defined                                              no-undef
  1:11718  warning  'gl' is not defined                                              no-undef
  1:11723  warning  'gl' is not defined                                              no-undef
  1:11754  warning  'glVersion' is not defined                                       no-undef
  1:11767  warning  'gl' is not defined                                              no-undef
  1:11774  warning  'gl' is not defined                                              no-undef
  1:11820  warning  'gl' is not defined                                              no-undef
  1:11844  warning  'gl' is not defined                                              no-undef
  1:12307  warning  'glVersion' is not defined                                       no-undef
  1:12764  warning  't' is already defined                                           no-redeclare
  1:17812  warning  Unnecessary escape character: \/                                 no-useless-escape

 656 problems (0 errors, 656 warnings)

